  A4Refactor.cpp
c:\users\administrator\source\repos\imagesegmentation\imagesegmentation\a4refactor.cpp(96): warning C4244: “=”: 从“int”转换到“float”，可能丢失数据
c:\users\administrator\source\repos\imagesegmentation\imagesegmentation\a4refactor.cpp(97): warning C4244: “=”: 从“int”转换到“float”，可能丢失数据
c:\users\administrator\source\repos\imagesegmentation\imagesegmentation\a4refactor.cpp(98): warning C4244: “=”: 从“int”转换到“float”，可能丢失数据
c:\users\administrator\source\repos\imagesegmentation\imagesegmentation\a4refactor.cpp(99): warning C4244: “=”: 从“int”转换到“float”，可能丢失数据
c:\users\administrator\source\repos\imagesegmentation\imagesegmentation\a4refactor.cpp(101): warning C4244: “=”: 从“int”转换到“float”，可能丢失数据
c:\users\administrator\source\repos\imagesegmentation\imagesegmentation\a4refactor.cpp(102): warning C4244: “=”: 从“int”转换到“float”，可能丢失数据
c:\users\administrator\source\repos\imagesegmentation\imagesegmentation\a4refactor.cpp(103): warning C4244: “=”: 从“int”转换到“float”，可能丢失数据
c:\users\administrator\source\repos\imagesegmentation\imagesegmentation\a4refactor.cpp(104): warning C4244: “=”: 从“int”转换到“float”，可能丢失数据
c:\users\administrator\source\repos\imagesegmentation\imagesegmentation\a4refactor.cpp(106): warning C4244: “=”: 从“int”转换到“float”，可能丢失数据
c:\users\administrator\source\repos\imagesegmentation\imagesegmentation\a4refactor.cpp(107): warning C4244: “=”: 从“int”转换到“float”，可能丢失数据
c:\users\administrator\source\repos\imagesegmentation\imagesegmentation\a4refactor.cpp(108): warning C4244: “=”: 从“int”转换到“float”，可能丢失数据
c:\users\administrator\source\repos\imagesegmentation\imagesegmentation\a4refactor.cpp(109): warning C4244: “=”: 从“int”转换到“float”，可能丢失数据
c:\users\administrator\source\repos\imagesegmentation\imagesegmentation\a4refactor.cpp(117): warning C4244: “=”: 从“int”转换到“float”，可能丢失数据
c:\users\administrator\source\repos\imagesegmentation\imagesegmentation\a4refactor.cpp(118): warning C4244: “=”: 从“int”转换到“float”，可能丢失数据
c:\users\administrator\source\repos\imagesegmentation\imagesegmentation\a4refactor.cpp(119): warning C4244: “=”: 从“int”转换到“float”，可能丢失数据
c:\users\administrator\source\repos\imagesegmentation\imagesegmentation\a4refactor.cpp(120): warning C4244: “=”: 从“int”转换到“float”，可能丢失数据
c:\users\administrator\source\repos\imagesegmentation\imagesegmentation\a4refactor.cpp(122): warning C4244: “=”: 从“int”转换到“float”，可能丢失数据
c:\users\administrator\source\repos\imagesegmentation\imagesegmentation\a4refactor.cpp(123): warning C4244: “=”: 从“int”转换到“float”，可能丢失数据
c:\users\administrator\source\repos\imagesegmentation\imagesegmentation\a4refactor.cpp(124): warning C4244: “=”: 从“int”转换到“float”，可能丢失数据
c:\users\administrator\source\repos\imagesegmentation\imagesegmentation\a4refactor.cpp(125): warning C4244: “=”: 从“int”转换到“float”，可能丢失数据
c:\users\administrator\source\repos\imagesegmentation\imagesegmentation\a4refactor.cpp(145): warning C4244: “初始化”: 从“double”转换到“int”，可能丢失数据
c:\users\administrator\source\repos\imagesegmentation\imagesegmentation\a4refactor.cpp(146): warning C4244: “初始化”: 从“double”转换到“int”，可能丢失数据
c:\users\administrator\source\repos\imagesegmentation\imagesegmentation\a4refactor.cpp(147): warning C4244: “初始化”: 从“double”转换到“int”，可能丢失数据
c:\users\administrator\source\repos\imagesegmentation\imagesegmentation\a4refactor.cpp(148): warning C4244: “初始化”: 从“double”转换到“int”，可能丢失数据
c:\users\administrator\source\repos\imagesegmentation\imagesegmentation\a4refactor.cpp(150): warning C4244: “=”: 从“double”转换到“int”，可能丢失数据
c:\users\administrator\source\repos\imagesegmentation\imagesegmentation\a4refactor.cpp(153): warning C4244: “=”: 从“double”转换到“int”，可能丢失数据
c:\users\administrator\source\repos\imagesegmentation\imagesegmentation\a4refactor.cpp(164): warning C4838: 从“unsigned char”转换到“double”需要收缩转换
c:\users\administrator\source\repos\imagesegmentation\imagesegmentation\a4refactor.cpp(165): warning C4838: 从“unsigned char”转换到“double”需要收缩转换
c:\users\administrator\source\repos\imagesegmentation\imagesegmentation\a4refactor.cpp(166): warning C4838: 从“unsigned char”转换到“double”需要收缩转换
c:\users\administrator\source\repos\imagesegmentation\imagesegmentation\a4refactor.cpp(167): warning C4838: 从“unsigned char”转换到“double”需要收缩转换
c:\users\administrator\source\repos\imagesegmentation\imagesegmentation\a4refactor.cpp(171): warning C4244: “=”: 从“double”转换到“unsigned char”，可能丢失数据
c:\users\administrator\source\repos\imagesegmentation\imagesegmentation\a4refactor.cpp(172): warning C4244: “=”: 从“double”转换到“unsigned char”，可能丢失数据
c:\users\administrator\source\repos\imagesegmentation\imagesegmentation\a4refactor.cpp(173): warning C4244: “=”: 从“double”转换到“unsigned char”，可能丢失数据
  ImageSegmentation.vcxproj -> C:\Users\Administrator\source\repos\ImageSegmentation\Debug\ImageSegmentation.exe
